1665493058458:help
1665493063746:add
1665493145519:list
1665493152162:help
1665493159158:all
1665498374945:help
1665498379945:gbi
1665498387461:count
1665498391493:add
1665498435433:сщгте
1665498437982:count
1665498442296:list
1665498478184:add
1665498557277:count
1665498560368:list
1665498561539:all
1665590000872:help
1665590005841:bgbi
1665590432537:help
1665590437192:bgbi
1665590453483:1
1665590456825:bgbi
1665590937007:help
1665590942479:ba
1665590964397:help
1665590970038:bgbi
1665591492921:bl
1665591583561:bgbi
1665591783286:bl
1665591812357:bc
1665591846911:cs
1665591848785:csha
1665825723803:help
1665825733438:bfbn
1665825755108:идфш
1665825757882:blai
1665825782025:bdbi
1665825789053:blai
1665825803798:azd
1665825806132:blai
1665825861834:bl
1665825869849:blai
1665825999795:clbai
1665826076831:bunbid
1665826094565:bl
1665826098982:ba
1665826113495:bl
1666123686324:help
1666123689774:bl
1666123714562:clbai
1666123760096:cdbid
1666123775565:clbai
1666123811020:cdbid
1666123818119:cdbid 2
1666123828634:help
1666123844962:clbai
1666123896832:help
1666123907747:cdbid
1666123957663:bl
1666123962184:help
1666123976515:clbai
1666124004362:cdbid
1666124273797:help
1666124295040:cdbid
1666124340408:bdbi
1666124368351:help
1666124370536:bl
1666200070720:ba
1666200088900:cls
1666200090314:clear
1666200094133:help
1666200099772:bl
1666200113085:blai
1666200128524:cetbid
1666200155082:bc
1666200163680:bdbi
1666200169619:bc
1666200180211:clbai
1666200203107:bdbi
1666200207424:bl
1666380606954:help
1666380703299:csha
1666381655791:clbai
1666383330172:help
1666383339120:blwc
1666556297318:help
1666556299768:bl
1666556310613:bgbi
1666556412141:csha
1666556426822:3
1666556430381:csha
1666557236703:bl
1667672032730:help
1667672047173:bfbn
1667672054158:bl
1667672846561:clbay
1667672851535:clbai
1667673297959:blai
1667673562477:blwc
1667673839851:csha
1667674066709:c.
1667674069199:cl
1667674070488:ca
1667674108820:q
1667674110962:cl
1667674112816:ca
